# JRE version: Java(TM) SE Runtime Environment (21.0.6+8) (build 21.0.6+8-LTS-188)
# Java VM: Java HotSpot(TM) 64-Bit Server VM (21.0.6+8-LTS-188, mixed mode, sharing, tiered, compressed oops, compressed class ptrs, g1 gc, windows-amd64)
GC Precious Log:
 CardTable entry size: 512
 Card Set container configuration: InlinePtr #cards 5 size 8 Array Of Cards #cards 12 size 40 Howl #buckets 4 coarsen threshold 1843 Howl Bitmap #cards 512 size 80 coarsen threshold 460 Card regions per heap region 1 cards per card region 2048
 CPUs: 16 total, 16 available
 Memory: 32692M
 Large Page Support: Disabled
 NUMA Support: Disabled
 Compressed Oops: Enabled (32-bit)
 Heap Region Size: 1M
 Heap Min Capacity: 8M
 Heap Initial Capacity: 512M
 Heap Max Capacity: 512M
 Pre-touch: Disabled
 Parallel Workers: 13
 Concurrent Workers: 3
 Concurrent Refinement Workers: 13
 Periodic GC: Disabled
Heap:
 garbage-first heap   total 94208K, used 62051K [0x00000000e0000000, 0x0000000100000000)
  region size 1024K, 14 young (14336K), 3 survivors (3072K)
 Metaspace       used 70707K, committed 71424K, reserved 1114112K
  class space    used 8508K, committed 8832K, reserved 1048576K
GC Heap History (20 events):
Event: 9.512 GC heap before
{Heap before GC invocations=24 (full 0):
 garbage-first heap   total 91136K, used 78769K [0x00000000e0000000, 0x0000000100000000)
  region size 1024K, 45 young (46080K), 6 survivors (6144K)
 Metaspace       used 60463K, committed 61056K, reserved 1114112K
  class space    used 7411K, committed 7680K, reserved 1048576K
}
Event: 9.516 GC heap after
{Heap after GC invocations=25 (full 0):
 garbage-first heap   total 91136K, used 41981K [0x00000000e0000000, 0x0000000100000000)
  region size 1024K, 6 young (6144K), 6 survivors (6144K)
 Metaspace       used 60463K, committed 61056K, reserved 1114112K
  class space    used 7411K, committed 7680K, reserved 1048576K
}
Event: 10.132 GC heap before
{Heap before GC invocations=25 (full 0):
 garbage-first heap   total 91136K, used 78845K [0x00000000e0000000, 0x0000000100000000)
  region size 1024K, 42 young (43008K), 6 survivors (6144K)
 Metaspace       used 61287K, committed 61952K, reserved 1114112K
  class space    used 7433K, committed 7744K, reserved 1048576K
}
Event: 10.136 GC heap after
{Heap after GC invocations=26 (full 0):
 garbage-first heap   total 91136K, used 43036K [0x00000000e0000000, 0x0000000100000000)
  region size 1024K, 4 young (4096K), 4 survivors (4096K)
 Metaspace       used 61287K, committed 61952K, reserved 1114112K
  class space    used 7433K, committed 7744K, reserved 1048576K
}
Event: 10.885 GC heap before
{Heap before GC invocations=26 (full 0):
 garbage-first heap   total 91136K, used 80924K [0x00000000e0000000, 0x0000000100000000)
  region size 1024K, 41 young (41984K), 4 survivors (4096K)
 Metaspace       used 62929K, committed 63552K, reserved 1114112K
  class space    used 7635K, committed 7936K, reserved 1048576K
}
Event: 10.888 GC heap after
{Heap after GC invocations=27 (full 0):
 garbage-first heap   total 91136K, used 43507K [0x00000000e0000000, 0x0000000100000000)
  region size 1024K, 2 young (2048K), 2 survivors (2048K)
 Metaspace       used 62929K, committed 63552K, reserved 1114112K
  class space    used 7635K, committed 7936K, reserved 1048576K
}
Event: 11.461 GC heap before
{Heap before GC invocations=27 (full 0):
 garbage-first heap   total 91136K, used 81395K [0x00000000e0000000, 0x0000000100000000)
  region size 1024K, 40 young (40960K), 2 survivors (2048K)
 Metaspace       used 63967K, committed 64640K, reserved 1114112K
  class space    used 7696K, committed 8000K, reserved 1048576K
}
Event: 11.463 GC heap after
{Heap after GC invocations=28 (full 0):
 garbage-first heap   total 91136K, used 46522K [0x00000000e0000000, 0x0000000100000000)
  region size 1024K, 5 young (5120K), 5 survivors (5120K)
 Metaspace       used 63967K, committed 64640K, reserved 1114112K
  class space    used 7696K, committed 8000K, reserved 1048576K
}
Event: 12.144 GC heap before
{Heap before GC invocations=29 (full 0):
 garbage-first heap   total 91136K, used 80314K [0x00000000e0000000, 0x0000000100000000)
  region size 1024K, 38 young (38912K), 5 survivors (5120K)
 Metaspace       used 64918K, committed 65600K, reserved 1114112K
  class space    used 7800K, committed 8128K, reserved 1048576K
}
Event: 12.146 GC heap after
{Heap after GC invocations=30 (full 0):
 garbage-first heap   total 91136K, used 48447K [0x00000000e0000000, 0x0000000100000000)
  region size 1024K, 3 young (3072K), 3 survivors (3072K)
 Metaspace       used 64918K, committed 65600K, reserved 1114112K
  class space    used 7800K, committed 8128K, reserved 1048576K
}
Event: 12.459 GC heap before
{Heap before GC invocations=30 (full 0):
 garbage-first heap   total 91136K, used 81215K [0x00000000e0000000, 0x0000000100000000)
  region size 1024K, 35 young (35840K), 3 survivors (3072K)
 Metaspace       used 65611K, committed 66240K, reserved 1114112K
  class space    used 7888K, committed 8192K, reserved 1048576K
}
Event: 12.462 GC heap after
{Heap after GC invocations=31 (full 0):
 garbage-first heap   total 91136K, used 49746K [0x00000000e0000000, 0x0000000100000000)
  region size 1024K, 4 young (4096K), 4 survivors (4096K)
 Metaspace       used 65611K, committed 66240K, reserved 1114112K
  class space    used 7888K, committed 8192K, reserved 1048576K
}
Event: 12.648 GC heap before
{Heap before GC invocations=31 (full 0):
 garbage-first heap   total 91136K, used 81490K [0x00000000e0000000, 0x0000000100000000)
  region size 1024K, 35 young (35840K), 4 survivors (4096K)
 Metaspace       used 66580K, committed 67200K, reserved 1114112K
  class space    used 7969K, committed 8256K, reserved 1048576K
}
Event: 12.650 GC heap after
{Heap after GC invocations=32 (full 0):
 garbage-first heap   total 91136K, used 50308K [0x00000000e0000000, 0x0000000100000000)
  region size 1024K, 3 young (3072K), 3 survivors (3072K)
 Metaspace       used 66580K, committed 67200K, reserved 1114112K
  class space    used 7969K, committed 8256K, reserved 1048576K
}
Event: 12.882 GC heap before
{Heap before GC invocations=33 (full 0):
 garbage-first heap   total 94208K, used 81028K [0x00000000e0000000, 0x0000000100000000)
  region size 1024K, 33 young (33792K), 3 survivors (3072K)
 Metaspace       used 67608K, committed 68224K, reserved 1114112K
  class space    used 8101K, committed 8384K, reserved 1048576K
}
Event: 12.883 GC heap after
{Heap after GC invocations=34 (full 0):
 garbage-first heap   total 94208K, used 51046K [0x00000000e0000000, 0x0000000100000000)
  region size 1024K, 3 young (3072K), 3 survivors (3072K)
 Metaspace       used 67608K, committed 68224K, reserved 1114112K
  class space    used 8101K, committed 8384K, reserved 1048576K
}
Event: 13.200 GC heap before
{Heap before GC invocations=34 (full 0):
 garbage-first heap   total 94208K, used 84838K [0x00000000e0000000, 0x0000000100000000)
  region size 1024K, 36 young (36864K), 3 survivors (3072K)
 Metaspace       used 68830K, committed 69504K, reserved 1114112K
  class space    used 8275K, committed 8576K, reserved 1048576K
}
Event: 13.203 GC heap after
{Heap after GC invocations=35 (full 0):
 garbage-first heap   total 94208K, used 51107K [0x00000000e0000000, 0x0000000100000000)
  region size 1024K, 3 young (3072K), 3 survivors (3072K)
 Metaspace       used 68830K, committed 69504K, reserved 1114112K
  class space    used 8275K, committed 8576K, reserved 1048576K
}
Event: 13.473 GC heap before
{Heap before GC invocations=35 (full 0):
 garbage-first heap   total 94208K, used 83875K [0x00000000e0000000, 0x0000000100000000)
  region size 1024K, 35 young (35840K), 3 survivors (3072K)
 Metaspace       used 70275K, committed 71040K, reserved 1114112K
  class space    used 8444K, committed 8768K, reserved 1048576K
}
Event: 13.476 GC heap after
{Heap after GC invocations=36 (full 0):
 garbage-first heap   total 94208K, used 51811K [0x00000000e0000000, 0x0000000100000000)
  region size 1024K, 3 young (3072K), 3 survivors (3072K)
 Metaspace       used 70275K, committed 71040K, reserved 1114112K
  class space    used 8444K, committed 8768K, reserved 1048576K
}

